This file contains any messages produced by compilers while
running configure, to aid debugging if configure makes a mistake.

It was created by configure, which was
generated by GNU Autoconf 2.67.  Invocation command line was

  $ ./configure --with-odbc-libdir= --with-odbc-incdir= --with-mysql-libdir= --with-mysql-incdir= --with-mysqlembedded-libdir= --with-mysqlembedded-incdir=

## --------- ##
## Platform. ##
## --------- ##

hostname = amirshk-virtual-machine
uname -m = x86_64
uname -r = 4.15.0-112-generic
uname -s = Linux
uname -v = #113~16.04.1-Ubuntu SMP Fri Jul 10 04:37:08 UTC 2020

/usr/bin/uname -p = unknown
/bin/uname -X     = unknown

/bin/arch              = unknown
/usr/bin/arch -k       = unknown
/usr/convex/getsysinfo = unknown
/usr/bin/hostinfo      = unknown
/bin/machine           = unknown
/usr/bin/oslevel       = unknown
/bin/universe          = unknown

PATH: /home/amirshk/bin
PATH: /home/amirshk/.local/bin
PATH: /usr/local/sbin
PATH: /usr/local/bin
PATH: /usr/sbin
PATH: /usr/bin
PATH: /sbin
PATH: /bin
PATH: /usr/games
PATH: /usr/local/games
PATH: /snap/bin


## ----------- ##
## Core tests. ##
## ----------- ##

configure:2101: checking build system type
configure:2115: result: x86_64-unknown-linux-gnu
configure:2135: checking host system type
configure:2148: result: x86_64-unknown-linux-gnu
configure:2247: checking for gcc
configure:2263: found /usr/bin/gcc
configure:2274: result: gcc
configure:2503: checking for C compiler version
configure:2512: gcc --version >&5
gcc (Ubuntu 5.4.0-6ubuntu1~16.04.12) 5.4.0 20160609
Copyright (C) 2015 Free Software Foundation, Inc.
This is free software; see the source for copying conditions.  There is NO
warranty; not even for MERCHANTABILITY or FITNESS FOR A PARTICULAR PURPOSE.

configure:2523: $? = 0
configure:2512: gcc -v >&5
Using built-in specs.
COLLECT_GCC=gcc
COLLECT_LTO_WRAPPER=/usr/lib/gcc/x86_64-linux-gnu/5/lto-wrapper
Target: x86_64-linux-gnu
Configured with: ../src/configure -v --with-pkgversion='Ubuntu 5.4.0-6ubuntu1~16.04.12' --with-bugurl=file:///usr/share/doc/gcc-5/README.Bugs --enable-languages=c,ada,c++,java,go,d,fortran,objc,obj-c++ --prefix=/usr --program-suffix=-5 --enable-shared --enable-linker-build-id --libexecdir=/usr/lib --without-included-gettext --enable-threads=posix --libdir=/usr/lib --enable-nls --with-sysroot=/ --enable-clocale=gnu --enable-libstdcxx-debug --enable-libstdcxx-time=yes --with-default-libstdcxx-abi=new --enable-gnu-unique-object --disable-vtable-verify --enable-libmpx --enable-plugin --with-system-zlib --disable-browser-plugin --enable-java-awt=gtk --enable-gtk-cairo --with-java-home=/usr/lib/jvm/java-1.5.0-gcj-5-amd64/jre --enable-java-home --with-jvm-root-dir=/usr/lib/jvm/java-1.5.0-gcj-5-amd64 --with-jvm-jar-dir=/usr/lib/jvm-exports/java-1.5.0-gcj-5-amd64 --with-arch-directory=amd64 --with-ecj-jar=/usr/share/java/eclipse-ecj.jar --enable-objc-gc --enable-multiarch --disable-werror --with-arch-32=i686 --with-abi=m64 --with-multilib-list=m32,m64,mx32 --enable-multilib --with-tune=generic --enable-checking=release --build=x86_64-linux-gnu --host=x86_64-linux-gnu --target=x86_64-linux-gnu
Thread model: posix
gcc version 5.4.0 20160609 (Ubuntu 5.4.0-6ubuntu1~16.04.12) 
configure:2523: $? = 0
configure:2512: gcc -V >&5
gcc: error: unrecognized command line option '-V'
gcc: fatal error: no input files
compilation terminated.
configure:2523: $? = 1
configure:2512: gcc -qversion >&5
gcc: error: unrecognized command line option '-qversion'
gcc: fatal error: no input files
compilation terminated.
configure:2523: $? = 1
configure:2543: checking whether the C compiler works
configure:2565: gcc    conftest.c  >&5
configure:2569: $? = 0
configure:2617: result: yes
configure:2620: checking for C compiler default output file name
configure:2622: result: a.out
configure:2628: checking for suffix of executables
configure:2635: gcc -o conftest    conftest.c  >&5
configure:2639: $? = 0
configure:2661: result: 
configure:2683: checking whether we are cross compiling
configure:2691: gcc -o conftest    conftest.c  >&5
configure:2695: $? = 0
configure:2702: ./conftest
configure:2706: $? = 0
configure:2721: result: no
configure:2726: checking for suffix of object files
configure:2748: gcc -c   conftest.c >&5
configure:2752: $? = 0
configure:2773: result: o
configure:2777: checking whether we are using the GNU C compiler
configure:2796: gcc -c   conftest.c >&5
configure:2796: $? = 0
configure:2805: result: yes
configure:2814: checking whether gcc accepts -g
configure:2834: gcc -c -g  conftest.c >&5
configure:2834: $? = 0
configure:2875: result: yes
configure:2892: checking for gcc option to accept ISO C89
configure:2956: gcc  -c -g -O2  conftest.c >&5
configure:2956: $? = 0
configure:2969: result: none needed
configure:2990: checking for main in -lodbc
configure:3009: gcc -o conftest -g -O2   conftest.c -lodbc   >&5
configure:3009: $? = 0
configure:3018: result: yes
configure:3046: checking how to run the C preprocessor
configure:3077: gcc -E  conftest.c
configure:3077: $? = 0
configure:3091: gcc -E  conftest.c
conftest.c:10:28: fatal error: ac_nonexistent.h: No such file or directory
compilation terminated.
configure:3091: $? = 1
configure: failed program was:
| /* confdefs.h */
| #define PACKAGE_NAME ""
| #define PACKAGE_TARNAME ""
| #define PACKAGE_VERSION ""
| #define PACKAGE_STRING ""
| #define PACKAGE_BUGREPORT ""
| #define PACKAGE_URL ""
| #define HAVE_LIBODBC 1
| /* end confdefs.h.  */
| #include <ac_nonexistent.h>
configure:3116: result: gcc -E
configure:3136: gcc -E  conftest.c
configure:3136: $? = 0
configure:3150: gcc -E  conftest.c
conftest.c:10:28: fatal error: ac_nonexistent.h: No such file or directory
compilation terminated.
configure:3150: $? = 1
configure: failed program was:
| /* confdefs.h */
| #define PACKAGE_NAME ""
| #define PACKAGE_TARNAME ""
| #define PACKAGE_VERSION ""
| #define PACKAGE_STRING ""
| #define PACKAGE_BUGREPORT ""
| #define PACKAGE_URL ""
| #define HAVE_LIBODBC 1
| /* end confdefs.h.  */
| #include <ac_nonexistent.h>
configure:3179: checking for grep that handles long lines and -e
configure:3237: result: /bin/grep
configure:3242: checking for egrep
configure:3304: result: /bin/grep -E
configure:3309: checking for ANSI C header files
configure:3329: gcc -c -g -O2  conftest.c >&5
configure:3329: $? = 0
configure:3402: gcc -o conftest -g -O2   conftest.c -lodbc  >&5
configure:3402: $? = 0
configure:3402: ./conftest
configure:3402: $? = 0
configure:3413: result: yes
configure:3426: checking for sys/types.h
configure:3426: gcc -c -g -O2  conftest.c >&5
configure:3426: $? = 0
configure:3426: result: yes
configure:3426: checking for sys/stat.h
configure:3426: gcc -c -g -O2  conftest.c >&5
configure:3426: $? = 0
configure:3426: result: yes
configure:3426: checking for stdlib.h
configure:3426: gcc -c -g -O2  conftest.c >&5
configure:3426: $? = 0
configure:3426: result: yes
configure:3426: checking for string.h
configure:3426: gcc -c -g -O2  conftest.c >&5
configure:3426: $? = 0
configure:3426: result: yes
configure:3426: checking for memory.h
configure:3426: gcc -c -g -O2  conftest.c >&5
configure:3426: $? = 0
configure:3426: result: yes
configure:3426: checking for strings.h
configure:3426: gcc -c -g -O2  conftest.c >&5
configure:3426: $? = 0
configure:3426: result: yes
configure:3426: checking for inttypes.h
configure:3426: gcc -c -g -O2  conftest.c >&5
configure:3426: $? = 0
configure:3426: result: yes
configure:3426: checking for stdint.h
configure:3426: gcc -c -g -O2  conftest.c >&5
configure:3426: $? = 0
configure:3426: result: yes
configure:3426: checking for unistd.h
configure:3426: gcc -c -g -O2  conftest.c >&5
configure:3426: $? = 0
configure:3426: result: yes
configure:3441: checking sql.h usability
configure:3441: gcc -c -g -O2  conftest.c >&5
configure:3441: $? = 0
configure:3441: result: yes
configure:3441: checking sql.h presence
configure:3441: gcc -E  conftest.c
configure:3441: $? = 0
configure:3441: result: yes
configure:3441: checking for sql.h
configure:3441: result: yes
configure:3441: checking sqlext.h usability
configure:3441: gcc -c -g -O2  conftest.c >&5
configure:3441: $? = 0
configure:3441: result: yes
configure:3441: checking sqlext.h presence
configure:3441: gcc -E  conftest.c
configure:3441: $? = 0
configure:3441: result: yes
configure:3441: checking for sqlext.h
configure:3441: result: yes
configure:3441: checking sqltypes.h usability
configure:3441: gcc -c -g -O2  conftest.c >&5
configure:3441: $? = 0
configure:3441: result: yes
configure:3441: checking sqltypes.h presence
configure:3441: gcc -E  conftest.c
configure:3441: $? = 0
configure:3441: result: yes
configure:3441: checking for sqltypes.h
configure:3441: result: yes
configure:3626: creating ./config.status

## ---------------------- ##
## Running config.status. ##
## ---------------------- ##

This file was extended by config.status, which was
generated by GNU Autoconf 2.67.  Invocation command line was

  CONFIG_FILES    = 
  CONFIG_HEADERS  = 
  CONFIG_LINKS    = 
  CONFIG_COMMANDS = 
  $ ./config.status 

on amirshk-virtual-machine

config.status:4442: creating odbc_init.P

## ---------------- ##
## Cache variables. ##
## ---------------- ##

ac_cv_build='x86_64-unknown-linux-gnu'
ac_cv_c_compiler_gnu='yes'
ac_cv_env_CC_set=''
ac_cv_env_CC_value=''
ac_cv_env_CFLAGS_set=''
ac_cv_env_CFLAGS_value=''
ac_cv_env_CPPFLAGS_set=''
ac_cv_env_CPPFLAGS_value=''
ac_cv_env_CPP_set=''
ac_cv_env_CPP_value=''
ac_cv_env_LDFLAGS_set=''
ac_cv_env_LDFLAGS_value=''
ac_cv_env_LIBS_set=''
ac_cv_env_LIBS_value=''
ac_cv_env_build_alias_set=''
ac_cv_env_build_alias_value=''
ac_cv_env_host_alias_set=''
ac_cv_env_host_alias_value=''
ac_cv_env_target_alias_set=''
ac_cv_env_target_alias_value=''
ac_cv_header_inttypes_h='yes'
ac_cv_header_memory_h='yes'
ac_cv_header_sql_h='yes'
ac_cv_header_sqlext_h='yes'
ac_cv_header_sqltypes_h='yes'
ac_cv_header_stdc='yes'
ac_cv_header_stdint_h='yes'
ac_cv_header_stdlib_h='yes'
ac_cv_header_string_h='yes'
ac_cv_header_strings_h='yes'
ac_cv_header_sys_stat_h='yes'
ac_cv_header_sys_types_h='yes'
ac_cv_header_unistd_h='yes'
ac_cv_host='x86_64-unknown-linux-gnu'
ac_cv_lib_odbc_main='yes'
ac_cv_objext='o'
ac_cv_path_EGREP='/bin/grep -E'
ac_cv_path_GREP='/bin/grep'
ac_cv_prog_CPP='gcc -E'
ac_cv_prog_ac_ct_CC='gcc'
ac_cv_prog_cc_c89=''
ac_cv_prog_cc_g='yes'

## ----------------- ##
## Output variables. ##
## ----------------- ##

CC='gcc'
CFLAGS=''
CPP='gcc -E'
CPPFLAGS=''
DEFS='-DPACKAGE_NAME=\"\" -DPACKAGE_TARNAME=\"\" -DPACKAGE_VERSION=\"\" -DPACKAGE_STRING=\"\" -DPACKAGE_BUGREPORT=\"\" -DPACKAGE_URL=\"\" -DHAVE_LIBODBC=1 -DSTDC_HEADERS=1 -DHAVE_SYS_TYPES_H=1 -DHAVE_SYS_STAT_H=1 -DHAVE_STDLIB_H=1 -DHAVE_STRING_H=1 -DHAVE_MEMORY_H=1 -DHAVE_STRINGS_H=1 -DHAVE_INTTYPES_H=1 -DHAVE_STDINT_H=1 -DHAVE_UNISTD_H=1 -DHAVE_SQL_H=1 -DHAVE_SQLEXT_H=1 -DHAVE_SQLTYPES_H=1'
ECHO_C=''
ECHO_N='-n'
ECHO_T=''
EGREP='/bin/grep -E'
EXEEXT=''
GREP='/bin/grep'
LDFLAGS=''
LIBOBJS=''
LIBS='-lodbc '
LTLIBOBJS=''
OBJEXT='o'
PACKAGE_BUGREPORT=''
PACKAGE_NAME=''
PACKAGE_STRING=''
PACKAGE_TARNAME=''
PACKAGE_URL=''
PACKAGE_VERSION=''
PATH_SEPARATOR=':'
SHELL='/bin/sh'
ac_ct_CC='gcc'
bindir='${exec_prefix}/bin'
build='x86_64-unknown-linux-gnu'
build_alias=''
build_cpu='x86_64'
build_os='linux-gnu'
build_vendor='unknown'
datadir='${datarootdir}'
datarootdir='${prefix}/share'
docdir='${datarootdir}/doc/${PACKAGE}'
dvidir='${docdir}'
exec_prefix='${prefix}'
host='x86_64-unknown-linux-gnu'
host_alias=''
host_cpu='x86_64'
host_os='linux-gnu'
host_vendor='unknown'
htmldir='${docdir}'
includedir='${prefix}/include'
infodir='${datarootdir}/info'
libdir=''
libexecdir='${exec_prefix}/libexec'
localedir='${datarootdir}/locale'
localstatedir='${prefix}/var'
mandir='${datarootdir}/man'
oldincludedir='/usr/include'
pdfdir='${docdir}'
prefix='/usr/local'
program_transform_name='s,x,x,'
psdir='${docdir}'
sbindir='${exec_prefix}/sbin'
sharedstatedir='${prefix}/com'
support='yes'
sysconfdir='${prefix}/etc'
target_alias=''

## ----------- ##
## confdefs.h. ##
## ----------- ##

/* confdefs.h */
#define PACKAGE_NAME ""
#define PACKAGE_TARNAME ""
#define PACKAGE_VERSION ""
#define PACKAGE_STRING ""
#define PACKAGE_BUGREPORT ""
#define PACKAGE_URL ""
#define HAVE_LIBODBC 1
#define STDC_HEADERS 1
#define HAVE_SYS_TYPES_H 1
#define HAVE_SYS_STAT_H 1
#define HAVE_STDLIB_H 1
#define HAVE_STRING_H 1
#define HAVE_MEMORY_H 1
#define HAVE_STRINGS_H 1
#define HAVE_INTTYPES_H 1
#define HAVE_STDINT_H 1
#define HAVE_UNISTD_H 1
#define HAVE_SQL_H 1
#define HAVE_SQLEXT_H 1
#define HAVE_SQLTYPES_H 1

configure: exit 0
