This file contains any messages produced by compilers while
running configure, to aid debugging if configure makes a mistake.

It was created by configure, which was
generated by GNU Autoconf 2.69.  Invocation command line was

  $ ./configure --with-dbdrivers

## --------- ##
## Platform. ##
## --------- ##

hostname = amirshk-virtual-machine
uname -m = x86_64
uname -r = 4.15.0-112-generic
uname -s = Linux
uname -v = #113~16.04.1-Ubuntu SMP Fri Jul 10 04:37:08 UTC 2020

/usr/bin/uname -p = unknown
/bin/uname -X     = unknown

/bin/arch              = unknown
/usr/bin/arch -k       = unknown
/usr/convex/getsysinfo = unknown
/usr/bin/hostinfo      = unknown
/bin/machine           = unknown
/usr/bin/oslevel       = unknown
/bin/universe          = unknown

PATH: /home/amirshk/bin
PATH: /home/amirshk/.local/bin
PATH: /usr/local/sbin
PATH: /usr/local/bin
PATH: /usr/sbin
PATH: /usr/bin
PATH: /sbin
PATH: /bin
PATH: /usr/games
PATH: /usr/local/games
PATH: /snap/bin


## ----------- ##
## Core tests. ##
## ----------- ##

configure:3251: checking build system type
configure:3265: result: x86_64-unknown-linux-gnu
configure:3285: checking host system type
configure:3298: result: x86_64-unknown-linux-gnu
configure:3336: checking host system type... x86_64-unknown-linux-gnu
configure:3435: checking /home/amirshk/Downloads/XSB/lib
configure:3437: result: OK
configure:3442: checking /home/amirshk/Downloads/XSB/syslib
configure:3444: result: OK
configure:3449: checking /home/amirshk/Downloads/XSB/cmplib
configure:3451: result: OK
configure:3462: checking /home/amirshk/Downloads/XSB/bin
configure:3464: result: OK
configure:3469: checking /home/amirshk/Downloads/XSB/config/x86_64-unknown-linux-gnu/bin
configure:3471: result: OK
configure:3476: checking /home/amirshk/Downloads/XSB/config/x86_64-unknown-linux-gnu/lib
configure:3478: result: OK
configure:3483: checking /home/amirshk/Downloads/XSB/config/x86_64-unknown-linux-gnu/saved.o
configure:3485: result: OK
configure:3490: checking /home/amirshk/Downloads/XSB/site/lib
configure:3492: result: OK
configure:3497: checking /home/amirshk/Downloads/XSB/site/config/x86_64-unknown-linux-gnu/lib
configure:3499: result: OK
configure:3504: checking /home/amirshk/Downloads/XSB/emu
configure:3506: result: OK
configure:3511: checking /home/amirshk/Downloads/XSB/lib
configure:3513: result: OK
configure:3518: checking /home/amirshk/Downloads/XSB/syslib
configure:3520: result: OK
configure:3525: checking /home/amirshk/Downloads/XSB/cmplib
configure:3527: result: OK
configure:3532: checking /home/amirshk/Downloads/XSB/bin
configure:3534: result: OK
configure:3539: checking /home/amirshk/Downloads/XSB/build
configure:3541: result: OK
configure:3546: checking /home/amirshk/Downloads/XSB/config/x86_64-unknown-linux-gnu/bin
configure:3548: result: OK
configure:3553: checking /home/amirshk/Downloads/XSB/config/x86_64-unknown-linux-gnu/lib
configure:3555: result: OK
configure:3560: checking /home/amirshk/Downloads/XSB/config/x86_64-unknown-linux-gnu/saved.o
configure:3562: result: OK
configure:3567: checking /home/amirshk/Downloads/XSB/etc
configure:3569: result: OK
configure:3574: checking /home/amirshk/Downloads/XSB/packages
configure:3576: result: OK
configure:3581: checking /home/amirshk/Downloads/XSB/packages/xmc
configure:3583: result: OK
configure:3588: checking /home/amirshk/Downloads/XSB/examples
configure:3590: result: OK
configure:3595: checking /home/amirshk/Downloads/XSB/prolog_includes
configure:3597: result: OK
configure:3663: checking for gcc
configure:3679: found /usr/bin/gcc
configure:3690: result: gcc
configure:3919: checking for C compiler version
configure:3928: gcc --version >&5
gcc (Ubuntu 5.4.0-6ubuntu1~16.04.12) 5.4.0 20160609
Copyright (C) 2015 Free Software Foundation, Inc.
This is free software; see the source for copying conditions.  There is NO
warranty; not even for MERCHANTABILITY or FITNESS FOR A PARTICULAR PURPOSE.

configure:3939: $? = 0
configure:3928: gcc -v >&5
Using built-in specs.
COLLECT_GCC=gcc
COLLECT_LTO_WRAPPER=/usr/lib/gcc/x86_64-linux-gnu/5/lto-wrapper
Target: x86_64-linux-gnu
Configured with: ../src/configure -v --with-pkgversion='Ubuntu 5.4.0-6ubuntu1~16.04.12' --with-bugurl=file:///usr/share/doc/gcc-5/README.Bugs --enable-languages=c,ada,c++,java,go,d,fortran,objc,obj-c++ --prefix=/usr --program-suffix=-5 --enable-shared --enable-linker-build-id --libexecdir=/usr/lib --without-included-gettext --enable-threads=posix --libdir=/usr/lib --enable-nls --with-sysroot=/ --enable-clocale=gnu --enable-libstdcxx-debug --enable-libstdcxx-time=yes --with-default-libstdcxx-abi=new --enable-gnu-unique-object --disable-vtable-verify --enable-libmpx --enable-plugin --with-system-zlib --disable-browser-plugin --enable-java-awt=gtk --enable-gtk-cairo --with-java-home=/usr/lib/jvm/java-1.5.0-gcj-5-amd64/jre --enable-java-home --with-jvm-root-dir=/usr/lib/jvm/java-1.5.0-gcj-5-amd64 --with-jvm-jar-dir=/usr/lib/jvm-exports/java-1.5.0-gcj-5-amd64 --with-arch-directory=amd64 --with-ecj-jar=/usr/share/java/eclipse-ecj.jar --enable-objc-gc --enable-multiarch --disable-werror --with-arch-32=i686 --with-abi=m64 --with-multilib-list=m32,m64,mx32 --enable-multilib --with-tune=generic --enable-checking=release --build=x86_64-linux-gnu --host=x86_64-linux-gnu --target=x86_64-linux-gnu
Thread model: posix
gcc version 5.4.0 20160609 (Ubuntu 5.4.0-6ubuntu1~16.04.12) 
configure:3939: $? = 0
configure:3928: gcc -V >&5
gcc: error: unrecognized command line option '-V'
gcc: fatal error: no input files
compilation terminated.
configure:3939: $? = 1
configure:3928: gcc -qversion >&5
gcc: error: unrecognized command line option '-qversion'
gcc: fatal error: no input files
compilation terminated.
configure:3939: $? = 1
configure:3959: checking whether the C compiler works
configure:3981: gcc    conftest.c  >&5
configure:3985: $? = 0
configure:4033: result: yes
configure:4036: checking for C compiler default output file name
configure:4038: result: a.out
configure:4044: checking for suffix of executables
configure:4051: gcc -o conftest    conftest.c  >&5
configure:4055: $? = 0
configure:4077: result: 
configure:4099: checking whether we are cross compiling
configure:4107: gcc -o conftest    conftest.c  >&5
configure:4111: $? = 0
configure:4118: ./conftest
configure:4122: $? = 0
configure:4137: result: no
configure:4142: checking for suffix of object files
configure:4164: gcc -c   conftest.c >&5
configure:4168: $? = 0
configure:4189: result: o
configure:4193: checking whether we are using the GNU C compiler
configure:4212: gcc -c   conftest.c >&5
configure:4212: $? = 0
configure:4221: result: yes
configure:4230: checking whether gcc accepts -g
configure:4250: gcc -c -g  conftest.c >&5
configure:4250: $? = 0
configure:4291: result: yes
configure:4308: checking for gcc option to accept ISO C89
configure:4371: gcc  -c -g -O2  conftest.c >&5
configure:4371: $? = 0
configure:4384: result: none needed
configure:4409: checking how to run the C preprocessor
configure:4440: gcc -E  conftest.c
configure:4440: $? = 0
configure:4454: gcc -E  conftest.c
conftest.c:19:28: fatal error: ac_nonexistent.h: No such file or directory
compilation terminated.
configure:4454: $? = 1
configure: failed program was:
| /* confdefs.h */
| #define PACKAGE_NAME ""
| #define PACKAGE_TARNAME ""
| #define PACKAGE_VERSION ""
| #define PACKAGE_STRING ""
| #define PACKAGE_BUGREPORT ""
| #define PACKAGE_URL ""
| #define CONFIG_INCLUDED 1
| #define ___ALWAYS_TRUE___ 1
| #define XSB_VERSION "3.8.0 (Three-Buck Chuck)"
| #define RELEASE_DATE 2017-10-28
| #define RELEASE_YEAR 2017
| #define RELEASE_MONTH 10
| #define RELEASE_DAY 28
| #define LOCAL_EVAL 1
| #define GC 1
| #define SLG_GC 1
| /* end confdefs.h.  */
| #include <ac_nonexistent.h>
configure:4479: result: gcc -E
configure:4499: gcc -E  conftest.c
configure:4499: $? = 0
configure:4513: gcc -E  conftest.c
conftest.c:19:28: fatal error: ac_nonexistent.h: No such file or directory
compilation terminated.
configure:4513: $? = 1
configure: failed program was:
| /* confdefs.h */
| #define PACKAGE_NAME ""
| #define PACKAGE_TARNAME ""
| #define PACKAGE_VERSION ""
| #define PACKAGE_STRING ""
| #define PACKAGE_BUGREPORT ""
| #define PACKAGE_URL ""
| #define CONFIG_INCLUDED 1
| #define ___ALWAYS_TRUE___ 1
| #define XSB_VERSION "3.8.0 (Three-Buck Chuck)"
| #define RELEASE_DATE 2017-10-28
| #define RELEASE_YEAR 2017
| #define RELEASE_MONTH 10
| #define RELEASE_DAY 28
| #define LOCAL_EVAL 1
| #define GC 1
| #define SLG_GC 1
| /* end confdefs.h.  */
| #include <ac_nonexistent.h>
configure:4555: checking for a BSD-compatible install
configure:4623: result: /usr/bin/install -c
configure:4636: checking for grep that handles long lines and -e
configure:4694: result: /bin/grep
configure:4699: checking for egrep
configure:4761: result: /bin/grep -E
configure:4766: checking for ANSI C header files
configure:4786: gcc -c -g -O2  conftest.c >&5
configure:4786: $? = 0
configure:4859: gcc -o conftest -g -O2   conftest.c  >&5
configure:4859: $? = 0
configure:4859: ./conftest
configure:4859: $? = 0
configure:4870: result: yes
configure:4883: checking for sys/types.h
configure:4883: gcc -c -g -O2  conftest.c >&5
configure:4883: $? = 0
configure:4883: result: yes
configure:4883: checking for sys/stat.h
configure:4883: gcc -c -g -O2  conftest.c >&5
configure:4883: $? = 0
configure:4883: result: yes
configure:4883: checking for stdlib.h
configure:4883: gcc -c -g -O2  conftest.c >&5
configure:4883: $? = 0
configure:4883: result: yes
configure:4883: checking for string.h
configure:4883: gcc -c -g -O2  conftest.c >&5
configure:4883: $? = 0
configure:4883: result: yes
configure:4883: checking for memory.h
configure:4883: gcc -c -g -O2  conftest.c >&5
configure:4883: $? = 0
configure:4883: result: yes
configure:4883: checking for strings.h
configure:4883: gcc -c -g -O2  conftest.c >&5
configure:4883: $? = 0
configure:4883: result: yes
configure:4883: checking for inttypes.h
configure:4883: gcc -c -g -O2  conftest.c >&5
configure:4883: $? = 0
configure:4883: result: yes
configure:4883: checking for stdint.h
configure:4883: gcc -c -g -O2  conftest.c >&5
configure:4883: $? = 0
configure:4883: result: yes
configure:4883: checking for unistd.h
configure:4883: gcc -c -g -O2  conftest.c >&5
configure:4883: $? = 0
configure:4883: result: yes
configure:4896: checking minix/config.h usability
configure:4896: gcc -c -g -O2  conftest.c >&5
conftest.c:62:26: fatal error: minix/config.h: No such file or directory
compilation terminated.
configure:4896: $? = 1
configure: failed program was:
| /* confdefs.h */
| #define PACKAGE_NAME ""
| #define PACKAGE_TARNAME ""
| #define PACKAGE_VERSION ""
| #define PACKAGE_STRING ""
| #define PACKAGE_BUGREPORT ""
| #define PACKAGE_URL ""
| #define CONFIG_INCLUDED 1
| #define ___ALWAYS_TRUE___ 1
| #define XSB_VERSION "3.8.0 (Three-Buck Chuck)"
| #define RELEASE_DATE 2017-10-28
| #define RELEASE_YEAR 2017
| #define RELEASE_MONTH 10
| #define RELEASE_DAY 28
| #define LOCAL_EVAL 1
| #define GC 1
| #define SLG_GC 1
| #define STDC_HEADERS 1
| #define HAVE_SYS_TYPES_H 1
| #define HAVE_SYS_STAT_H 1
| #define HAVE_STDLIB_H 1
| #define HAVE_STRING_H 1
| #define HAVE_MEMORY_H 1
| #define HAVE_STRINGS_H 1
| #define HAVE_INTTYPES_H 1
| #define HAVE_STDINT_H 1
| #define HAVE_UNISTD_H 1
| /* end confdefs.h.  */
| #include <stdio.h>
| #ifdef HAVE_SYS_TYPES_H
| # include <sys/types.h>
| #endif
| #ifdef HAVE_SYS_STAT_H
| # include <sys/stat.h>
| #endif
| #ifdef STDC_HEADERS
| # include <stdlib.h>
| # include <stddef.h>
| #else
| # ifdef HAVE_STDLIB_H
| #  include <stdlib.h>
| # endif
| #endif
| #ifdef HAVE_STRING_H
| # if !defined STDC_HEADERS && defined HAVE_MEMORY_H
| #  include <memory.h>
| # endif
| # include <string.h>
| #endif
| #ifdef HAVE_STRINGS_H
| # include <strings.h>
| #endif
| #ifdef HAVE_INTTYPES_H
| # include <inttypes.h>
| #endif
| #ifdef HAVE_STDINT_H
| # include <stdint.h>
| #endif
| #ifdef HAVE_UNISTD_H
| # include <unistd.h>
| #endif
| #include <minix/config.h>
configure:4896: result: no
configure:4896: checking minix/config.h presence
configure:4896: gcc -E  conftest.c
conftest.c:29:26: fatal error: minix/config.h: No such file or directory
compilation terminated.
configure:4896: $? = 1
configure: failed program was:
| /* confdefs.h */
| #define PACKAGE_NAME ""
| #define PACKAGE_TARNAME ""
| #define PACKAGE_VERSION ""
| #define PACKAGE_STRING ""
| #define PACKAGE_BUGREPORT ""
| #define PACKAGE_URL ""
| #define CONFIG_INCLUDED 1
| #define ___ALWAYS_TRUE___ 1
| #define XSB_VERSION "3.8.0 (Three-Buck Chuck)"
| #define RELEASE_DATE 2017-10-28
| #define RELEASE_YEAR 2017
| #define RELEASE_MONTH 10
| #define RELEASE_DAY 28
| #define LOCAL_EVAL 1
| #define GC 1
| #define SLG_GC 1
| #define STDC_HEADERS 1
| #define HAVE_SYS_TYPES_H 1
| #define HAVE_SYS_STAT_H 1
| #define HAVE_STDLIB_H 1
| #define HAVE_STRING_H 1
| #define HAVE_MEMORY_H 1
| #define HAVE_STRINGS_H 1
| #define HAVE_INTTYPES_H 1
| #define HAVE_STDINT_H 1
| #define HAVE_UNISTD_H 1
| /* end confdefs.h.  */
| #include <minix/config.h>
configure:4896: result: no
configure:4896: checking for minix/config.h
configure:4896: result: no
configure:4917: checking whether it is safe to define __EXTENSIONS__
configure:4935: gcc -c -g -O2  conftest.c >&5
configure:4935: $? = 0
configure:4942: result: yes
configure:4960: checking for gcc
configure:4976: found /usr/bin/gcc
configure:4988: result: yes
configure:4997: checking whether we are using SunPro C
configure:5008: gcc -c -g -O2  conftest.c >&5
conftest.c:36:2: error: #error Not a SunPro compiler :-(
 #error Not a  SunPro compiler :-(
  ^
conftest.c:37:9: error: expected identifier or '(' before '==' token
 ******* ======= ******** &&&&&&&&
         ^
configure:5008: $? = 1
configure: failed program was:
| /* confdefs.h */
| #define PACKAGE_NAME ""
| #define PACKAGE_TARNAME ""
| #define PACKAGE_VERSION ""
| #define PACKAGE_STRING ""
| #define PACKAGE_BUGREPORT ""
| #define PACKAGE_URL ""
| #define CONFIG_INCLUDED 1
| #define ___ALWAYS_TRUE___ 1
| #define XSB_VERSION "3.8.0 (Three-Buck Chuck)"
| #define RELEASE_DATE 2017-10-28
| #define RELEASE_YEAR 2017
| #define RELEASE_MONTH 10
| #define RELEASE_DAY 28
| #define LOCAL_EVAL 1
| #define GC 1
| #define SLG_GC 1
| #define STDC_HEADERS 1
| #define HAVE_SYS_TYPES_H 1
| #define HAVE_SYS_STAT_H 1
| #define HAVE_STDLIB_H 1
| #define HAVE_STRING_H 1
| #define HAVE_MEMORY_H 1
| #define HAVE_STRINGS_H 1
| #define HAVE_INTTYPES_H 1
| #define HAVE_STDINT_H 1
| #define HAVE_UNISTD_H 1
| #define __EXTENSIONS__ 1
| #define _ALL_SOURCE 1
| #define _GNU_SOURCE 1
| #define _POSIX_PTHREAD_SEMANTICS 1
| #define _TANDEM_SOURCE 1
| /* end confdefs.h.  */
| 
| #ifndef __SUNPRO_C
| #error Not a  SunPro compiler :-(
| ******* ======= ******** &&&&&&&&
| #endif
| 
configure:5014: result: no
configure:5158: checking whether make sets $(MAKE)
configure:5180: result: yes
configure:5196: checking size of long int
configure:5201: gcc -o conftest -Wall -pipe   conftest.c  >&5
configure:5201: $? = 0
configure:5201: ./conftest
configure:5201: $? = 0
configure:5215: result: 8
configure:5281: checking for main in -lm
configure:5300: gcc -o conftest -Wall -pipe   conftest.c -lm   >&5
configure:5300: $? = 0
configure:5309: result: yes
configure:5324: checking for main in -ldl
configure:5343: gcc -o conftest -Wall -pipe   conftest.c -ldl  -lm  >&5
configure:5343: $? = 0
configure:5352: result: yes
configure:5365: checking for main in -lnsl
configure:5384: gcc -o conftest -Wall -pipe   conftest.c -lnsl  -ldl -lm  >&5
configure:5384: $? = 0
configure:5393: result: yes
configure:5406: checking for main in -lpthread
configure:5425: gcc -o conftest -Wall -pipe   conftest.c -lpthread  -lnsl -ldl -lm  >&5
configure:5425: $? = 0
configure:5434: result: yes
configure:5447: checking for main in -lsocket
configure:5466: gcc -o conftest -Wall -pipe   conftest.c -lsocket  -lpthread -lnsl -ldl -lm  >&5
/usr/bin/ld: cannot find -lsocket
collect2: error: ld returned 1 exit status
configure:5466: $? = 1
configure: failed program was:
| /* confdefs.h */
| #define PACKAGE_NAME ""
| #define PACKAGE_TARNAME ""
| #define PACKAGE_VERSION ""
| #define PACKAGE_STRING ""
| #define PACKAGE_BUGREPORT ""
| #define PACKAGE_URL ""
| #define CONFIG_INCLUDED 1
| #define ___ALWAYS_TRUE___ 1
| #define XSB_VERSION "3.8.0 (Three-Buck Chuck)"
| #define RELEASE_DATE 2017-10-28
| #define RELEASE_YEAR 2017
| #define RELEASE_MONTH 10
| #define RELEASE_DAY 28
| #define LOCAL_EVAL 1
| #define GC 1
| #define SLG_GC 1
| #define STDC_HEADERS 1
| #define HAVE_SYS_TYPES_H 1
| #define HAVE_SYS_STAT_H 1
| #define HAVE_STDLIB_H 1
| #define HAVE_STRING_H 1
| #define HAVE_MEMORY_H 1
| #define HAVE_STRINGS_H 1
| #define HAVE_INTTYPES_H 1
| #define HAVE_STDINT_H 1
| #define HAVE_UNISTD_H 1
| #define __EXTENSIONS__ 1
| #define _ALL_SOURCE 1
| #define _GNU_SOURCE 1
| #define _POSIX_PTHREAD_SEMANTICS 1
| #define _TANDEM_SOURCE 1
| #define CC "gcc"
| #define SIZEOF_LONG_INT 8
| #define BITS64 1
| #define HAVE_LIBM 1
| #define HAVE_LIBDL 1
| #define HAVE_LIBNSL 1
| #define HAVE_LIBPTHREAD 1
| /* end confdefs.h.  */
| 
| 
| int
| main ()
| {
| return main ();
|   ;
|   return 0;
| }
configure:5475: result: no
configure:5489: checking for readline in -lreadline
configure:5514: gcc -o conftest -Wall -pipe   conftest.c -lreadline  -lpthread -lnsl -ldl -lm  >&5
/usr/bin/ld: cannot find -lreadline
collect2: error: ld returned 1 exit status
configure:5514: $? = 1
configure: failed program was:
| /* confdefs.h */
| #define PACKAGE_NAME ""
| #define PACKAGE_TARNAME ""
| #define PACKAGE_VERSION ""
| #define PACKAGE_STRING ""
| #define PACKAGE_BUGREPORT ""
| #define PACKAGE_URL ""
| #define CONFIG_INCLUDED 1
| #define ___ALWAYS_TRUE___ 1
| #define XSB_VERSION "3.8.0 (Three-Buck Chuck)"
| #define RELEASE_DATE 2017-10-28
| #define RELEASE_YEAR 2017
| #define RELEASE_MONTH 10
| #define RELEASE_DAY 28
| #define LOCAL_EVAL 1
| #define GC 1
| #define SLG_GC 1
| #define STDC_HEADERS 1
| #define HAVE_SYS_TYPES_H 1
| #define HAVE_SYS_STAT_H 1
| #define HAVE_STDLIB_H 1
| #define HAVE_STRING_H 1
| #define HAVE_MEMORY_H 1
| #define HAVE_STRINGS_H 1
| #define HAVE_INTTYPES_H 1
| #define HAVE_STDINT_H 1
| #define HAVE_UNISTD_H 1
| #define __EXTENSIONS__ 1
| #define _ALL_SOURCE 1
| #define _GNU_SOURCE 1
| #define _POSIX_PTHREAD_SEMANTICS 1
| #define _TANDEM_SOURCE 1
| #define CC "gcc"
| #define SIZEOF_LONG_INT 8
| #define BITS64 1
| #define HAVE_LIBM 1
| #define HAVE_LIBDL 1
| #define HAVE_LIBNSL 1
| #define HAVE_LIBPTHREAD 1
| /* end confdefs.h.  */
| 
| /* Override any GCC internal prototype to avoid an error.
|    Use char because int might match the return type of a GCC
|    builtin and then its argument prototype would still apply.  */
| #ifdef __cplusplus
| extern "C"
| #endif
| char readline ();
| int
| main ()
| {
| return readline ();
|   ;
|   return 0;
| }
configure:5523: result: no
configure:5534: checking for sched_get_priority_max
configure:5534: gcc -o conftest -Wall -pipe   conftest.c -lpthread -lnsl -ldl -lm  >&5
configure:5534: $? = 0
configure:5534: result: yes
configure:5583: checking stdarg.h usability
configure:5583: gcc -c -Wall -pipe  conftest.c >&5
configure:5583: $? = 0
configure:5583: result: yes
configure:5583: checking stdarg.h presence
configure:5583: gcc -E  conftest.c
configure:5583: $? = 0
configure:5583: result: yes
configure:5583: checking for stdarg.h
configure:5583: result: yes
configure:5602: checking sys/time.h usability
configure:5602: gcc -c -Wall -pipe  conftest.c >&5
configure:5602: $? = 0
configure:5602: result: yes
configure:5602: checking sys/time.h presence
configure:5602: gcc -E  conftest.c
configure:5602: $? = 0
configure:5602: result: yes
configure:5602: checking for sys/time.h
configure:5602: result: yes
configure:5613: checking whether time.h and sys/time.h may both be included
configure:5633: gcc -c -Wall -pipe  conftest.c >&5
configure:5633: $? = 0
configure:5640: result: yes
configure:5651: checking sys/resource.h usability
configure:5651: gcc -c -Wall -pipe  conftest.c >&5
configure:5651: $? = 0
configure:5651: result: yes
configure:5651: checking sys/resource.h presence
configure:5651: gcc -E  conftest.c
configure:5651: $? = 0
configure:5651: result: yes
configure:5651: checking for sys/resource.h
configure:5651: result: yes
configure:5668: checking for malloc
configure:5668: gcc -o conftest -Wall -pipe   conftest.c -lpthread -lnsl -ldl -lm  >&5
conftest.c:68:6: warning: conflicting types for built-in function 'malloc'
 char malloc ();
      ^
configure:5668: $? = 0
configure:5668: result: yes
configure:5685: checking for unistd.h
configure:5685: result: yes
configure:5685: checking for string.h
configure:5685: result: yes
configure:5685: checking for stdlib.h
configure:5685: result: yes
configure:5703: checking for an ANSI C-conforming const
configure:5769: gcc -c -Wall -pipe  conftest.c >&5
configure:5769: $? = 0
configure:5776: result: yes
configure:5785: checking return type of signal handlers
configure:5803: gcc -c -Wall -pipe  conftest.c >&5
conftest.c: In function 'main':
conftest.c:55:9: error: void value not ignored as it ought to be
 return *(signal (0, 0)) (0) == 1;
         ^
configure:5803: $? = 1
configure: failed program was:
| /* confdefs.h */
| #define PACKAGE_NAME ""
| #define PACKAGE_TARNAME ""
| #define PACKAGE_VERSION ""
| #define PACKAGE_STRING ""
| #define PACKAGE_BUGREPORT ""
| #define PACKAGE_URL ""
| #define CONFIG_INCLUDED 1
| #define ___ALWAYS_TRUE___ 1
| #define XSB_VERSION "3.8.0 (Three-Buck Chuck)"
| #define RELEASE_DATE 2017-10-28
| #define RELEASE_YEAR 2017
| #define RELEASE_MONTH 10
| #define RELEASE_DAY 28
| #define LOCAL_EVAL 1
| #define GC 1
| #define SLG_GC 1
| #define STDC_HEADERS 1
| #define HAVE_SYS_TYPES_H 1
| #define HAVE_SYS_STAT_H 1
| #define HAVE_STDLIB_H 1
| #define HAVE_STRING_H 1
| #define HAVE_MEMORY_H 1
| #define HAVE_STRINGS_H 1
| #define HAVE_INTTYPES_H 1
| #define HAVE_STDINT_H 1
| #define HAVE_UNISTD_H 1
| #define __EXTENSIONS__ 1
| #define _ALL_SOURCE 1
| #define _GNU_SOURCE 1
| #define _POSIX_PTHREAD_SEMANTICS 1
| #define _TANDEM_SOURCE 1
| #define CC "gcc"
| #define SIZEOF_LONG_INT 8
| #define BITS64 1
| #define HAVE_LIBM 1
| #define HAVE_LIBDL 1
| #define HAVE_LIBNSL 1
| #define HAVE_LIBPTHREAD 1
| #define HAVE_STDARG_H 1
| #define HAVE_SYS_TIME_H 1
| #define TIME_WITH_SYS_TIME 1
| #define HAVE_SYS_RESOURCE_H 1
| #define HAVE_MALLOC 1
| #define HAVE_UNISTD_H 1
| #define HAVE_STRING_H 1
| #define HAVE_STDLIB_H 1
| /* end confdefs.h.  */
| #include <sys/types.h>
| #include <signal.h>
| 
| int
| main ()
| {
| return *(signal (0, 0)) (0) == 1;
|   ;
|   return 0;
| }
configure:5810: result: void
configure:5821: checking for strdup
configure:5821: gcc -o conftest -Wall -pipe   conftest.c -lpthread -lnsl -ldl -lm  >&5
conftest.c:73:6: warning: conflicting types for built-in function 'strdup'
 char strdup ();
      ^
configure:5821: $? = 0
configure:5821: result: yes
configure:5821: checking for mkdir
configure:5821: gcc -o conftest -Wall -pipe   conftest.c -lpthread -lnsl -ldl -lm  >&5
configure:5821: $? = 0
configure:5821: result: yes
configure:5840: checking for gethostbyname
configure:5840: gcc -o conftest -Wall -pipe   conftest.c -lpthread -lnsl -ldl -lm  >&5
configure:5840: $? = 0
configure:5840: result: yes
configure:5840: checking for gettimeofday
configure:5840: gcc -o conftest -Wall -pipe   conftest.c -lpthread -lnsl -ldl -lm  >&5
configure:5840: $? = 0
configure:5840: result: yes
configure:5840: checking for socket
configure:5840: gcc -o conftest -Wall -pipe   conftest.c -lpthread -lnsl -ldl -lm  >&5
configure:5840: $? = 0
configure:5840: result: yes
configure:5840: checking for snprintf
configure:5840: gcc -o conftest -Wall -pipe   conftest.c -lpthread -lnsl -ldl -lm  >&5
conftest.c:78:6: warning: conflicting types for built-in function 'snprintf'
 char snprintf ();
      ^
configure:5840: $? = 0
configure:5840: result: yes
configure:5853: checking for regexec
configure:5853: gcc -o conftest -Wall -pipe   conftest.c -lpthread -lnsl -ldl -lm  >&5
configure:5853: $? = 0
configure:5853: result: yes
configure:5853: checking for regerror
configure:5853: gcc -o conftest -Wall -pipe   conftest.c -lpthread -lnsl -ldl -lm  >&5
configure:5853: $? = 0
configure:5853: result: yes
configure:5853: checking for regcomp
configure:5853: gcc -o conftest -Wall -pipe   conftest.c -lpthread -lnsl -ldl -lm  >&5
configure:5853: $? = 0
configure:5853: result: yes
configure:5867: checking for fnmatch
configure:5867: gcc -o conftest -Wall -pipe   conftest.c -lpthread -lnsl -ldl -lm  >&5
configure:5867: $? = 0
configure:5867: result: yes
configure:5867: checking for glob
configure:5867: gcc -o conftest -Wall -pipe   conftest.c -lpthread -lnsl -ldl -lm  >&5
configure:5867: $? = 0
configure:5867: result: yes
configure:5867: checking for globfree
configure:5867: gcc -o conftest -Wall -pipe   conftest.c -lpthread -lnsl -ldl -lm  >&5
configure:5867: $? = 0
configure:5867: result: yes
configure:5881: checking for execvp
configure:5881: gcc -o conftest -Wall -pipe   conftest.c -lpthread -lnsl -ldl -lm  >&5
conftest.c:85:6: warning: conflicting types for built-in function 'execvp'
 char execvp ();
      ^
configure:5881: $? = 0
configure:5881: result: yes
configure:6086: checking for itkwish
configure:6118: result: no
configure:6162: checking whether loader understands -Wl,-export-dynamic
configure:6170: gcc -o conftest -Wall -pipe  -Wl,-export-dynamic conftest.c  -lpthread -lnsl -ldl -lm  >&5
conftest.c:65:1: warning: return type defaults to 'int' [-Wimplicit-int]
 main(){return 0;}
 ^
configure:6170: $? = 0
configure:6177: result: yes
configure:6402: checking for inline
configure:6418: gcc -c  -fPIC -Wall -pipe   conftest.c >&5
configure:6418: $? = 0
configure:6426: result: inline
configure:6919: checking jni.h usability
configure:6919: gcc -c  -O3 -fno-strict-aliasing   -fPIC -Wall -pipe   conftest.c >&5
conftest.c:102:17: fatal error: jni.h: No such file or directory
compilation terminated.
configure:6919: $? = 1
configure: failed program was:
| /* confdefs.h */
| #define PACKAGE_NAME ""
| #define PACKAGE_TARNAME ""
| #define PACKAGE_VERSION ""
| #define PACKAGE_STRING ""
| #define PACKAGE_BUGREPORT ""
| #define PACKAGE_URL ""
| #define CONFIG_INCLUDED 1
| #define ___ALWAYS_TRUE___ 1
| #define XSB_VERSION "3.8.0 (Three-Buck Chuck)"
| #define RELEASE_DATE 2017-10-28
| #define RELEASE_YEAR 2017
| #define RELEASE_MONTH 10
| #define RELEASE_DAY 28
| #define LOCAL_EVAL 1
| #define GC 1
| #define SLG_GC 1
| #define STDC_HEADERS 1
| #define HAVE_SYS_TYPES_H 1
| #define HAVE_SYS_STAT_H 1
| #define HAVE_STDLIB_H 1
| #define HAVE_STRING_H 1
| #define HAVE_MEMORY_H 1
| #define HAVE_STRINGS_H 1
| #define HAVE_INTTYPES_H 1
| #define HAVE_STDINT_H 1
| #define HAVE_UNISTD_H 1
| #define __EXTENSIONS__ 1
| #define _ALL_SOURCE 1
| #define _GNU_SOURCE 1
| #define _POSIX_PTHREAD_SEMANTICS 1
| #define _TANDEM_SOURCE 1
| #define CC "gcc"
| #define SIZEOF_LONG_INT 8
| #define BITS64 1
| #define HAVE_LIBM 1
| #define HAVE_LIBDL 1
| #define HAVE_LIBNSL 1
| #define HAVE_LIBPTHREAD 1
| #define HAVE_STDARG_H 1
| #define HAVE_SYS_TIME_H 1
| #define TIME_WITH_SYS_TIME 1
| #define HAVE_SYS_RESOURCE_H 1
| #define HAVE_MALLOC 1
| #define HAVE_UNISTD_H 1
| #define HAVE_STRING_H 1
| #define HAVE_STDLIB_H 1
| #define RETSIGTYPE void
| #define HAVE_STRDUP 1
| #define HAVE_MKDIR 1
| #define HAVE_GETHOSTBYNAME 1
| #define HAVE_GETTIMEOFDAY 1
| #define HAVE_SOCKET 1
| #define HAVE_SNPRINTF 1
| #define HAVE_REGEXEC 1
| #define HAVE_REGERROR 1
| #define HAVE_REGCOMP 1
| #define HAVE_FNMATCH 1
| #define HAVE_GLOB 1
| #define HAVE_GLOBFREE 1
| #define HAVE_EXECVP 1
| #define JUMPTABLE_EMULOOP 1
| #define INSN_BLOCKS 1
| #define LINUX 1
| #define _GNU_SOURCE 1
| #define LINUX_ELF 1
| #define FOREIGN_ELF 1
| /* end confdefs.h.  */
| #include <stdio.h>
| #ifdef HAVE_SYS_TYPES_H
| # include <sys/types.h>
| #endif
| #ifdef HAVE_SYS_STAT_H
| # include <sys/stat.h>
| #endif
| #ifdef STDC_HEADERS
| # include <stdlib.h>
| # include <stddef.h>
| #else
| # ifdef HAVE_STDLIB_H
| #  include <stdlib.h>
| # endif
| #endif
| #ifdef HAVE_STRING_H
| # if !defined STDC_HEADERS && defined HAVE_MEMORY_H
| #  include <memory.h>
| # endif
| # include <string.h>
| #endif
| #ifdef HAVE_STRINGS_H
| # include <strings.h>
| #endif
| #ifdef HAVE_INTTYPES_H
| # include <inttypes.h>
| #endif
| #ifdef HAVE_STDINT_H
| # include <stdint.h>
| #endif
| #ifdef HAVE_UNISTD_H
| # include <unistd.h>
| #endif
| #include <jni.h>
configure:6919: result: no
configure:6919: checking jni.h presence
configure:6919: gcc -E  conftest.c
conftest.c:69:17: fatal error: jni.h: No such file or directory
compilation terminated.
configure:6919: $? = 1
configure: failed program was:
| /* confdefs.h */
| #define PACKAGE_NAME ""
| #define PACKAGE_TARNAME ""
| #define PACKAGE_VERSION ""
| #define PACKAGE_STRING ""
| #define PACKAGE_BUGREPORT ""
| #define PACKAGE_URL ""
| #define CONFIG_INCLUDED 1
| #define ___ALWAYS_TRUE___ 1
| #define XSB_VERSION "3.8.0 (Three-Buck Chuck)"
| #define RELEASE_DATE 2017-10-28
| #define RELEASE_YEAR 2017
| #define RELEASE_MONTH 10
| #define RELEASE_DAY 28
| #define LOCAL_EVAL 1
| #define GC 1
| #define SLG_GC 1
| #define STDC_HEADERS 1
| #define HAVE_SYS_TYPES_H 1
| #define HAVE_SYS_STAT_H 1
| #define HAVE_STDLIB_H 1
| #define HAVE_STRING_H 1
| #define HAVE_MEMORY_H 1
| #define HAVE_STRINGS_H 1
| #define HAVE_INTTYPES_H 1
| #define HAVE_STDINT_H 1
| #define HAVE_UNISTD_H 1
| #define __EXTENSIONS__ 1
| #define _ALL_SOURCE 1
| #define _GNU_SOURCE 1
| #define _POSIX_PTHREAD_SEMANTICS 1
| #define _TANDEM_SOURCE 1
| #define CC "gcc"
| #define SIZEOF_LONG_INT 8
| #define BITS64 1
| #define HAVE_LIBM 1
| #define HAVE_LIBDL 1
| #define HAVE_LIBNSL 1
| #define HAVE_LIBPTHREAD 1
| #define HAVE_STDARG_H 1
| #define HAVE_SYS_TIME_H 1
| #define TIME_WITH_SYS_TIME 1
| #define HAVE_SYS_RESOURCE_H 1
| #define HAVE_MALLOC 1
| #define HAVE_UNISTD_H 1
| #define HAVE_STRING_H 1
| #define HAVE_STDLIB_H 1
| #define RETSIGTYPE void
| #define HAVE_STRDUP 1
| #define HAVE_MKDIR 1
| #define HAVE_GETHOSTBYNAME 1
| #define HAVE_GETTIMEOFDAY 1
| #define HAVE_SOCKET 1
| #define HAVE_SNPRINTF 1
| #define HAVE_REGEXEC 1
| #define HAVE_REGERROR 1
| #define HAVE_REGCOMP 1
| #define HAVE_FNMATCH 1
| #define HAVE_GLOB 1
| #define HAVE_GLOBFREE 1
| #define HAVE_EXECVP 1
| #define JUMPTABLE_EMULOOP 1
| #define INSN_BLOCKS 1
| #define LINUX 1
| #define _GNU_SOURCE 1
| #define LINUX_ELF 1
| #define FOREIGN_ELF 1
| /* end confdefs.h.  */
| #include <jni.h>
configure:6919: result: no
configure:6919: checking for jni.h
configure:6919: result: no
configure:6919: checking jni_md.h usability
configure:6919: gcc -c  -O3 -fno-strict-aliasing   -fPIC -Wall -pipe   conftest.c >&5
conftest.c:102:20: fatal error: jni_md.h: No such file or directory
compilation terminated.
configure:6919: $? = 1
configure: failed program was:
| /* confdefs.h */
| #define PACKAGE_NAME ""
| #define PACKAGE_TARNAME ""
| #define PACKAGE_VERSION ""
| #define PACKAGE_STRING ""
| #define PACKAGE_BUGREPORT ""
| #define PACKAGE_URL ""
| #define CONFIG_INCLUDED 1
| #define ___ALWAYS_TRUE___ 1
| #define XSB_VERSION "3.8.0 (Three-Buck Chuck)"
| #define RELEASE_DATE 2017-10-28
| #define RELEASE_YEAR 2017
| #define RELEASE_MONTH 10
| #define RELEASE_DAY 28
| #define LOCAL_EVAL 1
| #define GC 1
| #define SLG_GC 1
| #define STDC_HEADERS 1
| #define HAVE_SYS_TYPES_H 1
| #define HAVE_SYS_STAT_H 1
| #define HAVE_STDLIB_H 1
| #define HAVE_STRING_H 1
| #define HAVE_MEMORY_H 1
| #define HAVE_STRINGS_H 1
| #define HAVE_INTTYPES_H 1
| #define HAVE_STDINT_H 1
| #define HAVE_UNISTD_H 1
| #define __EXTENSIONS__ 1
| #define _ALL_SOURCE 1
| #define _GNU_SOURCE 1
| #define _POSIX_PTHREAD_SEMANTICS 1
| #define _TANDEM_SOURCE 1
| #define CC "gcc"
| #define SIZEOF_LONG_INT 8
| #define BITS64 1
| #define HAVE_LIBM 1
| #define HAVE_LIBDL 1
| #define HAVE_LIBNSL 1
| #define HAVE_LIBPTHREAD 1
| #define HAVE_STDARG_H 1
| #define HAVE_SYS_TIME_H 1
| #define TIME_WITH_SYS_TIME 1
| #define HAVE_SYS_RESOURCE_H 1
| #define HAVE_MALLOC 1
| #define HAVE_UNISTD_H 1
| #define HAVE_STRING_H 1
| #define HAVE_STDLIB_H 1
| #define RETSIGTYPE void
| #define HAVE_STRDUP 1
| #define HAVE_MKDIR 1
| #define HAVE_GETHOSTBYNAME 1
| #define HAVE_GETTIMEOFDAY 1
| #define HAVE_SOCKET 1
| #define HAVE_SNPRINTF 1
| #define HAVE_REGEXEC 1
| #define HAVE_REGERROR 1
| #define HAVE_REGCOMP 1
| #define HAVE_FNMATCH 1
| #define HAVE_GLOB 1
| #define HAVE_GLOBFREE 1
| #define HAVE_EXECVP 1
| #define JUMPTABLE_EMULOOP 1
| #define INSN_BLOCKS 1
| #define LINUX 1
| #define _GNU_SOURCE 1
| #define LINUX_ELF 1
| #define FOREIGN_ELF 1
| /* end confdefs.h.  */
| #include <stdio.h>
| #ifdef HAVE_SYS_TYPES_H
| # include <sys/types.h>
| #endif
| #ifdef HAVE_SYS_STAT_H
| # include <sys/stat.h>
| #endif
| #ifdef STDC_HEADERS
| # include <stdlib.h>
| # include <stddef.h>
| #else
| # ifdef HAVE_STDLIB_H
| #  include <stdlib.h>
| # endif
| #endif
| #ifdef HAVE_STRING_H
| # if !defined STDC_HEADERS && defined HAVE_MEMORY_H
| #  include <memory.h>
| # endif
| # include <string.h>
| #endif
| #ifdef HAVE_STRINGS_H
| # include <strings.h>
| #endif
| #ifdef HAVE_INTTYPES_H
| # include <inttypes.h>
| #endif
| #ifdef HAVE_STDINT_H
| # include <stdint.h>
| #endif
| #ifdef HAVE_UNISTD_H
| # include <unistd.h>
| #endif
| #include <jni_md.h>
configure:6919: result: no
configure:6919: checking jni_md.h presence
configure:6919: gcc -E  conftest.c
conftest.c:69:20: fatal error: jni_md.h: No such file or directory
compilation terminated.
configure:6919: $? = 1
configure: failed program was:
| /* confdefs.h */
| #define PACKAGE_NAME ""
| #define PACKAGE_TARNAME ""
| #define PACKAGE_VERSION ""
| #define PACKAGE_STRING ""
| #define PACKAGE_BUGREPORT ""
| #define PACKAGE_URL ""
| #define CONFIG_INCLUDED 1
| #define ___ALWAYS_TRUE___ 1
| #define XSB_VERSION "3.8.0 (Three-Buck Chuck)"
| #define RELEASE_DATE 2017-10-28
| #define RELEASE_YEAR 2017
| #define RELEASE_MONTH 10
| #define RELEASE_DAY 28
| #define LOCAL_EVAL 1
| #define GC 1
| #define SLG_GC 1
| #define STDC_HEADERS 1
| #define HAVE_SYS_TYPES_H 1
| #define HAVE_SYS_STAT_H 1
| #define HAVE_STDLIB_H 1
| #define HAVE_STRING_H 1
| #define HAVE_MEMORY_H 1
| #define HAVE_STRINGS_H 1
| #define HAVE_INTTYPES_H 1
| #define HAVE_STDINT_H 1
| #define HAVE_UNISTD_H 1
| #define __EXTENSIONS__ 1
| #define _ALL_SOURCE 1
| #define _GNU_SOURCE 1
| #define _POSIX_PTHREAD_SEMANTICS 1
| #define _TANDEM_SOURCE 1
| #define CC "gcc"
| #define SIZEOF_LONG_INT 8
| #define BITS64 1
| #define HAVE_LIBM 1
| #define HAVE_LIBDL 1
| #define HAVE_LIBNSL 1
| #define HAVE_LIBPTHREAD 1
| #define HAVE_STDARG_H 1
| #define HAVE_SYS_TIME_H 1
| #define TIME_WITH_SYS_TIME 1
| #define HAVE_SYS_RESOURCE_H 1
| #define HAVE_MALLOC 1
| #define HAVE_UNISTD_H 1
| #define HAVE_STRING_H 1
| #define HAVE_STDLIB_H 1
| #define RETSIGTYPE void
| #define HAVE_STRDUP 1
| #define HAVE_MKDIR 1
| #define HAVE_GETHOSTBYNAME 1
| #define HAVE_GETTIMEOFDAY 1
| #define HAVE_SOCKET 1
| #define HAVE_SNPRINTF 1
| #define HAVE_REGEXEC 1
| #define HAVE_REGERROR 1
| #define HAVE_REGCOMP 1
| #define HAVE_FNMATCH 1
| #define HAVE_GLOB 1
| #define HAVE_GLOBFREE 1
| #define HAVE_EXECVP 1
| #define JUMPTABLE_EMULOOP 1
| #define INSN_BLOCKS 1
| #define LINUX 1
| #define _GNU_SOURCE 1
| #define LINUX_ELF 1
| #define FOREIGN_ELF 1
| /* end confdefs.h.  */
| #include <jni_md.h>
configure:6919: result: no
configure:6919: checking for jni_md.h
configure:6919: result: no
configure:7142: updating cache /home/amirshk/Downloads/XSB/config/x86_64-unknown-linux-gnu/config.cache
configure:7191: creating ./config.status

## ---------------------- ##
## Running config.status. ##
## ---------------------- ##

This file was extended by config.status, which was
generated by GNU Autoconf 2.69.  Invocation command line was

  CONFIG_FILES    = 
  CONFIG_HEADERS  = 
  CONFIG_LINKS    = 
  CONFIG_COMMANDS = 
  $ ./config.status 

on amirshk-virtual-machine

config.status:: creating /home/amirshk/Downloads/XSB/config/x86_64-unknown-linux-gnu/topMakefile
config.status:: creating /home/amirshk/Downloads/XSB/config/x86_64-unknown-linux-gnu/emuMakefile
config.status:: creating /home/amirshk/Downloads/XSB/config/x86_64-unknown-linux-gnu/modMakefile
config.status:: creating /home/amirshk/Downloads/XSB/config/x86_64-unknown-linux-gnu/gppMakefile
config.status:: creating /home/amirshk/Downloads/XSB/config/x86_64-unknown-linux-gnu/smoMakefile
config.status:: creating /home/amirshk/Downloads/XSB/config/x86_64-unknown-linux-gnu/makedef.sh
config.status:: creating /home/amirshk/Downloads/XSB/config/x86_64-unknown-linux-gnu/lib/xsb_configuration.P
config.status:: creating windows/xsb_configuration.P
config.status:: creating windows64/xsb_configuration.P
config.status:: creating makexsb
config.status:: creating /home/amirshk/Downloads/XSB/bin/chr_pp
config.status:: creating /home/amirshk/Downloads/XSB/bin/xsb
config.status:: creating /home/amirshk/Downloads/XSB/config/x86_64-unknown-linux-gnu/banner.msg
config.status:: creating windows/banner.msg
config.status:: creating windows64/banner.msg
config.status:: creating windows/MSVC_mkfile.mak
config.status:: creating windows64/MSVC_mkfile.mak
config.status:: creating /home/amirshk/Downloads/XSB/packages/xmc/xmc-gui
config.status:: creating /home/amirshk/Downloads/XSB/config/x86_64-unknown-linux-gnu/xsb_config.h
config.status:: creating windows/xsb_config.h
config.status:: creating windows/xsb_debug.h
config.status:: creating windows64/xsb_config.h
config.status:: creating windows64/xsb_debug.h
config.status:: creating /home/amirshk/Downloads/XSB/config/x86_64-unknown-linux-gnu/xsb_debug.h

## ---------------- ##
## Cache variables. ##
## ---------------- ##

ac_cv_build=x86_64-unknown-linux-gnu
ac_cv_c_compiler_gnu=yes
ac_cv_c_const=yes
ac_cv_c_inline=inline
ac_cv_env_CCC_set=
ac_cv_env_CCC_value=
ac_cv_env_CC_set=
ac_cv_env_CC_value=
ac_cv_env_CFLAGS_set=
ac_cv_env_CFLAGS_value=
ac_cv_env_CPPFLAGS_set=
ac_cv_env_CPPFLAGS_value=
ac_cv_env_CPP_set=
ac_cv_env_CPP_value=
ac_cv_env_CXXFLAGS_set=
ac_cv_env_CXXFLAGS_value=
ac_cv_env_CXX_set=
ac_cv_env_CXX_value=
ac_cv_env_LDFLAGS_set=
ac_cv_env_LDFLAGS_value=
ac_cv_env_LIBS_set=
ac_cv_env_LIBS_value=
ac_cv_env_build_alias_set=
ac_cv_env_build_alias_value=
ac_cv_env_host_alias_set=
ac_cv_env_host_alias_value=
ac_cv_env_target_alias_set=
ac_cv_env_target_alias_value=
ac_cv_func_execvp=yes
ac_cv_func_fnmatch=yes
ac_cv_func_gethostbyname=yes
ac_cv_func_gettimeofday=yes
ac_cv_func_glob=yes
ac_cv_func_globfree=yes
ac_cv_func_malloc=yes
ac_cv_func_mkdir=yes
ac_cv_func_regcomp=yes
ac_cv_func_regerror=yes
ac_cv_func_regexec=yes
ac_cv_func_sched_get_priority_max=yes
ac_cv_func_snprintf=yes
ac_cv_func_socket=yes
ac_cv_func_strdup=yes
ac_cv_header_inttypes_h=yes
ac_cv_header_jni_h=no
ac_cv_header_jni_md_h=no
ac_cv_header_memory_h=yes
ac_cv_header_minix_config_h=no
ac_cv_header_stdarg_h=yes
ac_cv_header_stdc=yes
ac_cv_header_stdint_h=yes
ac_cv_header_stdlib_h=yes
ac_cv_header_string_h=yes
ac_cv_header_strings_h=yes
ac_cv_header_sys_resource_h=yes
ac_cv_header_sys_stat_h=yes
ac_cv_header_sys_time_h=yes
ac_cv_header_sys_types_h=yes
ac_cv_header_time=yes
ac_cv_header_unistd_h=yes
ac_cv_host=x86_64-unknown-linux-gnu
ac_cv_lib_dl_main=yes
ac_cv_lib_m_main=yes
ac_cv_lib_nsl_main=yes
ac_cv_lib_pthread_main=yes
ac_cv_lib_readline_readline=no
ac_cv_lib_socket_main=no
ac_cv_objext=o
ac_cv_path_EGREP='/bin/grep -E'
ac_cv_path_GREP=/bin/grep
ac_cv_path_install='/usr/bin/install -c'
ac_cv_path_itkwish_path=no
ac_cv_prog_CPP='gcc -E'
ac_cv_prog_ac_ct_CC=gcc
ac_cv_prog_cc_c89=
ac_cv_prog_cc_g=yes
ac_cv_prog_has_gcc=yes
ac_cv_prog_make_make_set=yes
ac_cv_safe_to_define___extensions__=yes
ac_cv_sizeof_long_int=8
ac_cv_type_signal=void

## ----------------- ##
## Output variables. ##
## ----------------- ##

CC='gcc'
CFLAGS='  -O3 -fno-strict-aliasing   -fPIC -Wall -pipe   '
CPP='gcc -E'
CPPFLAGS=''
CROSS_SIMULATOR=''
CXX=''
CXXFLAGS=''
DEFS='-DHAVE_CONFIG_H'
DLLTYPE='nodll'
DYNMOD_LDFLAGS='-shared'
DYNMOD_SHAREDLIB_EXTENSION='so'
ECHO_C=''
ECHO_N='-n'
ECHO_T=''
EGREP='/bin/grep -E'
EXEEXT=''
GPPCFLAGS=''
GPPWNTFLAG=''
GREP='/bin/grep'
INSTALL_DATA='${INSTALL} -m 644'
INSTALL_PROGRAM='${INSTALL}'
INSTALL_SCRIPT='${INSTALL}'
INTERPROLOGOBJ=''
INTERPROLOGSRC=''
JAVA_HEADER_PATH=''
JAVA_PLATFORM_HEADER_PATH=''
LD='gcc'
LDFLAGS='  -lm -ldl -Wl,-export-dynamic -lpthread'
LIBOBJS=''
LIBS=' -lpthread -lnsl -ldl -lm '
LTLIBOBJS=''
MEMFLAG=''
OBJEXT='o'
ODBCOBJ=''
ODBCSRC=''
ODBC_CFLAGS=''
PACKAGE_BUGREPORT=''
PACKAGE_NAME=''
PACKAGE_STRING=''
PACKAGE_TARNAME=''
PACKAGE_URL=''
PACKAGE_VERSION=''
PATH_SEPARATOR=':'
SET_MAKE=''
SHELL='/bin/sh'
XASPDEFFILE=''
XASPLIBNAME=''
XSBMOD_LDFLAGS=' -nodefaultlibs -nostartfiles '
XSB_INTERPROLOG=''
ac_ct_CC='gcc'
ac_ct_CXX=''
arch_bindir='/home/amirshk/Downloads/XSB/config/x86_64-unknown-linux-gnu/bin'
arch_config_file='/home/amirshk/Downloads/XSB/config/x86_64-unknown-linux-gnu/lib/xsb_configuration.P'
arch_config_prefix='/home/amirshk/Downloads/XSB/config/x86_64-unknown-linux-gnu'
arch_install_config_prefix='/home/amirshk/Downloads/XSB/config/x86_64-unknown-linux-gnu'
bindir='${exec_prefix}/bin'
build='x86_64-unknown-linux-gnu'
build_alias=''
build_cpu='x86_64'
build_os='linux-gnu'
build_vendor='unknown'
builtinsCFLAGS=' -O3 -fno-strict-aliasing   -fPIC -Wall -pipe '
canonical='x86_64-unknown-linux-gnu'
compile_mode='optimal'
config_ln_command='ln -s '
config_tag=''
datadir='${datarootdir}'
datarootdir='${prefix}/share'
docdir='${datarootdir}/doc/${PACKAGE}'
dvidir='${docdir}'
emuloopCFLAGS=' -O3 -fno-strict-aliasing   -fPIC -Wall -pipe '
emumake_goal='xsb'
engine_mode='slg-wam'
exec_prefix='${prefix}'
full_config_name='x86_64-unknown-linux-gnu'
has_gcc='yes'
host='x86_64-unknown-linux-gnu'
host_alias=''
host_cpu='x86_64'
host_os='linux-gnu'
host_vendor='unknown'
htmldir='${docdir}'
includedir='${prefix}/include'
infodir='${datarootdir}/info'
itkwish_path='no'
java_compiler='/usr/bin/javac'
java_path='null/include'
libdir='/home/amirshk/Downloads/XSB/lib'
libexecdir='${exec_prefix}/libexec'
loaderCFLAGS=' -O3 -fno-strict-aliasing   -fPIC -Wall -pipe '
localedir='${datarootdir}/locale'
localstatedir='${prefix}/var'
mandir='${datarootdir}/man'
mno_cyg_inclib=''
mno_cyg_lib=''
mt_mode=''
oldincludedir='/usr/include'
os_type='linux-gnu'
os_version=''
pdfdir='${docdir}'
prefix='/home/amirshk/Downloads/XSB'
program_transform_name='s,x,x,'
psdir='${docdir}'
regmatch_support='yes'
release_day='28'
release_month='10'
release_monthname='October'
release_year='2017'
runstatedir='${localstatedir}/run'
sbindir='${exec_prefix}/sbin'
sharedstatedir='${prefix}/com'
site_prefix='/home/amirshk/Downloads/XSB/site'
smoCFLAGS=''
smoLDFLAGS=''
smoLIB=''
smodels_goal='nope'
sysconfdir='${prefix}/etc'
target_alias=''
topdir='/home/amirshk/Downloads/XSB'
trutilsCFLAGS=' -O3 -fno-strict-aliasing   -fPIC -Wall -pipe '
wildmatch_support='yes'
with_smodels=''
word_size='64'
xsb_beta_version=''
xsb_build_date='2020-08-25'
xsb_codename='Three-Buck Chuck'
xsb_full_version_name='3.8.0 (Three-Buck Chuck)'
xsb_major_version='3'
xsb_minor_version='8'
xsb_obj_extension='.xwam'
xsb_patch_date='Build date: 2020-08-25'
xsb_patch_version='0'
xsb_release_date='2017-10-28'
xsb_scheduling_strategy='local'
xsb_version='3.8.0'

## ----------- ##
## confdefs.h. ##
## ----------- ##

/* confdefs.h */
#define PACKAGE_NAME ""
#define PACKAGE_TARNAME ""
#define PACKAGE_VERSION ""
#define PACKAGE_STRING ""
#define PACKAGE_BUGREPORT ""
#define PACKAGE_URL ""
#define CONFIG_INCLUDED 1
#define ___ALWAYS_TRUE___ 1
#define XSB_VERSION "3.8.0 (Three-Buck Chuck)"
#define RELEASE_DATE 2017-10-28
#define RELEASE_YEAR 2017
#define RELEASE_MONTH 10
#define RELEASE_DAY 28
#define LOCAL_EVAL 1
#define GC 1
#define SLG_GC 1
#define STDC_HEADERS 1
#define HAVE_SYS_TYPES_H 1
#define HAVE_SYS_STAT_H 1
#define HAVE_STDLIB_H 1
#define HAVE_STRING_H 1
#define HAVE_MEMORY_H 1
#define HAVE_STRINGS_H 1
#define HAVE_INTTYPES_H 1
#define HAVE_STDINT_H 1
#define HAVE_UNISTD_H 1
#define __EXTENSIONS__ 1
#define _ALL_SOURCE 1
#define _GNU_SOURCE 1
#define _POSIX_PTHREAD_SEMANTICS 1
#define _TANDEM_SOURCE 1
#define CC "gcc"
#define SIZEOF_LONG_INT 8
#define BITS64 1
#define HAVE_LIBM 1
#define HAVE_LIBDL 1
#define HAVE_LIBNSL 1
#define HAVE_LIBPTHREAD 1
#define HAVE_STDARG_H 1
#define HAVE_SYS_TIME_H 1
#define TIME_WITH_SYS_TIME 1
#define HAVE_SYS_RESOURCE_H 1
#define HAVE_MALLOC 1
#define HAVE_UNISTD_H 1
#define HAVE_STRING_H 1
#define HAVE_STDLIB_H 1
#define RETSIGTYPE void
#define HAVE_STRDUP 1
#define HAVE_MKDIR 1
#define HAVE_GETHOSTBYNAME 1
#define HAVE_GETTIMEOFDAY 1
#define HAVE_SOCKET 1
#define HAVE_SNPRINTF 1
#define HAVE_REGEXEC 1
#define HAVE_REGERROR 1
#define HAVE_REGCOMP 1
#define HAVE_FNMATCH 1
#define HAVE_GLOB 1
#define HAVE_GLOBFREE 1
#define HAVE_EXECVP 1
#define JUMPTABLE_EMULOOP 1
#define INSN_BLOCKS 1
#define LINUX 1
#define _GNU_SOURCE 1
#define LINUX_ELF 1
#define FOREIGN_ELF 1
#define CONFIGURATION "x86_64-unknown-linux-gnu"
#define FULL_CONFIG_NAME "x86_64-unknown-linux-gnu"

configure: exit 0
